{"level":"info","ts":"2021-12-12T15:07:54.978+0800","caller":"embed/etcd.go:131","msg":"configuring peer listeners","listen-peer-urls":["http://localhost:2380"]}
{"level":"info","ts":"2021-12-12T15:07:54.979+0800","caller":"embed/etcd.go:139","msg":"configuring client listeners","listen-client-urls":["http://localhost:2379"]}
{"level":"info","ts":"2021-12-12T15:07:54.979+0800","caller":"embed/etcd.go:307","msg":"starting an etcd server","etcd-version":"3.5.0","git-sha":"Not provided (use ./build instead of go build)","go-version":"go1.17.5","go-os":"linux","go-arch":"amd64","max-cpu-set":8,"max-cpu-available":8,"member-initialized":false,"name":"eg-default-name","data-dir":"/home/shidf/dev/aa/easegress-wasm-flashsale/data","wal-dir":"","wal-dir-dedicated":"","member-dir":"/home/shidf/dev/aa/easegress-wasm-flashsale/data/member","force-new-cluster":false,"heartbeat-interval":"100ms","election-timeout":"1s","initial-election-tick-advance":true,"snapshot-count":100000,"snapshot-catchup-entries":5000,"initial-advertise-peer-urls":["http://localhost:2380"],"listen-peer-urls":["http://localhost:2380"],"advertise-client-urls":["http://localhost:2379"],"listen-client-urls":["http://localhost:2379"],"listen-metrics-urls":[],"cors":["*"],"host-whitelist":["*"],"initial-cluster":"eg-default-name=http://localhost:2380","initial-cluster-state":"new","initial-cluster-token":"eg-cluster-default-name","quota-size-bytes":8589934592,"pre-vote":true,"initial-corrupt-check":false,"corrupt-check-time-interval":"0s","auto-compaction-mode":"revision","auto-compaction-retention":"10ns","auto-compaction-interval":"10ns","discovery-url":"","discovery-proxy":"","downgrade-check-interval":"5s"}
{"level":"info","ts":"2021-12-12T15:07:54.990+0800","caller":"etcdserver/backend.go:81","msg":"opened backend db","path":"/home/shidf/dev/aa/easegress-wasm-flashsale/data/member/snap/db","took":"11.594367ms"}
{"level":"info","ts":"2021-12-12T15:07:54.998+0800","caller":"etcdserver/raft.go:448","msg":"starting local member","local-member-id":"689e371e88f78b6a","cluster-id":"a6f86dda5d63e986"}
{"level":"info","ts":"2021-12-12T15:07:54.998+0800","logger":"raft","caller":"etcdserver/zap_raft.go:77","msg":"689e371e88f78b6a switched to configuration voters=()"}
{"level":"info","ts":"2021-12-12T15:07:54.998+0800","logger":"raft","caller":"etcdserver/zap_raft.go:77","msg":"689e371e88f78b6a became follower at term 0"}
{"level":"info","ts":"2021-12-12T15:07:54.998+0800","logger":"raft","caller":"etcdserver/zap_raft.go:77","msg":"newRaft 689e371e88f78b6a [peers: [], term: 0, commit: 0, applied: 0, lastindex: 0, lastterm: 0]"}
{"level":"info","ts":"2021-12-12T15:07:54.998+0800","logger":"raft","caller":"etcdserver/zap_raft.go:77","msg":"689e371e88f78b6a became follower at term 1"}
{"level":"info","ts":"2021-12-12T15:07:54.998+0800","logger":"raft","caller":"etcdserver/zap_raft.go:77","msg":"689e371e88f78b6a switched to configuration voters=(7538523430551260010)"}
{"level":"warn","ts":"2021-12-12T15:07:55.002+0800","caller":"auth/store.go:1220","msg":"simple token is not cryptographically signed"}
{"level":"info","ts":"2021-12-12T15:07:55.005+0800","caller":"mvcc/kvstore.go:415","msg":"kvstore restored","current-rev":1}
{"level":"info","ts":"2021-12-12T15:07:55.008+0800","caller":"etcdserver/quota.go:117","msg":"enabled backend quota","quota-name":"v3-applier","quota-size-bytes":8589934592,"quota-size":"8.6 GB"}
{"level":"info","ts":"2021-12-12T15:07:55.010+0800","caller":"etcdserver/server.go:843","msg":"starting etcd server","local-member-id":"689e371e88f78b6a","local-server-version":"3.5.0","cluster-version":"to_be_decided"}
{"level":"info","ts":"2021-12-12T15:07:55.010+0800","caller":"etcdserver/server.go:728","msg":"started as single-node; fast-forwarding election ticks","local-member-id":"689e371e88f78b6a","forward-ticks":9,"forward-duration":"900ms","election-ticks":10,"election-timeout":"1s"}
{"level":"info","ts":"2021-12-12T15:07:55.011+0800","logger":"raft","caller":"etcdserver/zap_raft.go:77","msg":"689e371e88f78b6a switched to configuration voters=(7538523430551260010)"}
{"level":"info","ts":"2021-12-12T15:07:55.011+0800","caller":"membership/cluster.go:393","msg":"added member","cluster-id":"a6f86dda5d63e986","local-member-id":"689e371e88f78b6a","added-peer-id":"689e371e88f78b6a","added-peer-peer-urls":["http://localhost:2380"]}
{"level":"info","ts":"2021-12-12T15:07:55.012+0800","caller":"embed/etcd.go:276","msg":"now serving peer/client/metrics","local-member-id":"689e371e88f78b6a","initial-advertise-peer-urls":["http://localhost:2380"],"listen-peer-urls":["http://localhost:2380"],"advertise-client-urls":["http://localhost:2379"],"listen-client-urls":["http://localhost:2379"],"listen-metrics-urls":[]}
{"level":"info","ts":"2021-12-12T15:07:55.012+0800","caller":"embed/etcd.go:580","msg":"serving peer traffic","address":"127.0.0.1:2380"}
{"level":"info","ts":"2021-12-12T15:07:55.012+0800","caller":"embed/etcd.go:552","msg":"cmux::serve","address":"127.0.0.1:2380"}
{"level":"info","ts":"2021-12-12T15:07:55.098+0800","logger":"raft","caller":"etcdserver/zap_raft.go:77","msg":"689e371e88f78b6a is starting a new election at term 1"}
{"level":"info","ts":"2021-12-12T15:07:55.098+0800","logger":"raft","caller":"etcdserver/zap_raft.go:77","msg":"689e371e88f78b6a became pre-candidate at term 1"}
{"level":"info","ts":"2021-12-12T15:07:55.098+0800","logger":"raft","caller":"etcdserver/zap_raft.go:77","msg":"689e371e88f78b6a received MsgPreVoteResp from 689e371e88f78b6a at term 1"}
{"level":"info","ts":"2021-12-12T15:07:55.098+0800","logger":"raft","caller":"etcdserver/zap_raft.go:77","msg":"689e371e88f78b6a became candidate at term 2"}
{"level":"info","ts":"2021-12-12T15:07:55.098+0800","logger":"raft","caller":"etcdserver/zap_raft.go:77","msg":"689e371e88f78b6a received MsgVoteResp from 689e371e88f78b6a at term 2"}
{"level":"info","ts":"2021-12-12T15:07:55.098+0800","logger":"raft","caller":"etcdserver/zap_raft.go:77","msg":"689e371e88f78b6a became leader at term 2"}
{"level":"info","ts":"2021-12-12T15:07:55.098+0800","logger":"raft","caller":"etcdserver/zap_raft.go:77","msg":"raft.node: 689e371e88f78b6a elected leader 689e371e88f78b6a at term 2"}
{"level":"info","ts":"2021-12-12T15:07:55.099+0800","caller":"etcdserver/server.go:2027","msg":"published local member to cluster through raft","local-member-id":"689e371e88f78b6a","local-member-attributes":"{Name:eg-default-name ClientURLs:[http://localhost:2379]}","request-path":"/0/members/689e371e88f78b6a/attributes","cluster-id":"a6f86dda5d63e986","publish-timeout":"7s"}
{"level":"info","ts":"2021-12-12T15:07:55.099+0800","caller":"embed/serve.go:98","msg":"ready to serve client requests"}
{"level":"info","ts":"2021-12-12T15:07:55.099+0800","caller":"etcdserver/server.go:2476","msg":"setting up initial cluster version using v2 API","cluster-version":"3.5"}
{"level":"info","ts":"2021-12-12T15:07:55.100+0800","caller":"membership/cluster.go:531","msg":"set initial cluster version","cluster-id":"a6f86dda5d63e986","local-member-id":"689e371e88f78b6a","cluster-version":"3.5"}
{"level":"info","ts":"2021-12-12T15:07:55.100+0800","caller":"embed/serve.go:140","msg":"serving client traffic insecurely; this is strongly discouraged!","address":"127.0.0.1:2379"}
{"level":"info","ts":"2021-12-12T15:07:55.100+0800","caller":"api/capability.go:75","msg":"enabled capabilities for version","cluster-version":"3.5"}
{"level":"info","ts":"2021-12-12T15:07:55.100+0800","caller":"etcdserver/server.go:2500","msg":"cluster version is updated","cluster-version":"3.5"}
{"level":"info","ts":"2021-12-12T15:12:55.009+0800","caller":"v3compactor/revision.go:86","msg":"starting auto revision compaction","revision":122,"revision-compaction-retention":10}
{"level":"info","ts":"2021-12-12T15:12:55.016+0800","caller":"v3compactor/revision.go:94","msg":"completed auto revision compaction","revision":122,"revision-compaction-retention":10,"took":"7.105127ms"}
{"level":"info","ts":"2021-12-12T15:12:55.016+0800","caller":"mvcc/index.go:214","msg":"compact tree index","revision":122}
{"level":"info","ts":"2021-12-12T15:12:55.016+0800","caller":"mvcc/kvstore_compaction.go:57","msg":"finished scheduled compaction","compact-revision":122,"took":"376.119µs"}
{"level":"info","ts":"2021-12-12T15:17:55.016+0800","caller":"v3compactor/revision.go:86","msg":"starting auto revision compaction","revision":244,"revision-compaction-retention":10}
{"level":"info","ts":"2021-12-12T15:17:55.022+0800","caller":"v3compactor/revision.go:94","msg":"completed auto revision compaction","revision":244,"revision-compaction-retention":10,"took":"6.073302ms"}
{"level":"info","ts":"2021-12-12T15:17:55.022+0800","caller":"mvcc/index.go:214","msg":"compact tree index","revision":244}
{"level":"info","ts":"2021-12-12T15:17:55.023+0800","caller":"mvcc/kvstore_compaction.go:57","msg":"finished scheduled compaction","compact-revision":244,"took":"789.057µs"}
{"level":"info","ts":"2021-12-12T15:22:55.023+0800","caller":"v3compactor/revision.go:86","msg":"starting auto revision compaction","revision":364,"revision-compaction-retention":10}
{"level":"info","ts":"2021-12-12T15:22:55.029+0800","caller":"v3compactor/revision.go:94","msg":"completed auto revision compaction","revision":364,"revision-compaction-retention":10,"took":"6.322062ms"}
{"level":"info","ts":"2021-12-12T15:22:55.029+0800","caller":"mvcc/index.go:214","msg":"compact tree index","revision":364}
{"level":"info","ts":"2021-12-12T15:22:55.030+0800","caller":"mvcc/kvstore_compaction.go:57","msg":"finished scheduled compaction","compact-revision":364,"took":"1.07034ms"}
{"level":"info","ts":"2021-12-12T15:27:55.030+0800","caller":"v3compactor/revision.go:86","msg":"starting auto revision compaction","revision":485,"revision-compaction-retention":10}
{"level":"info","ts":"2021-12-12T15:27:55.034+0800","caller":"v3compactor/revision.go:94","msg":"completed auto revision compaction","revision":485,"revision-compaction-retention":10,"took":"4.416913ms"}
{"level":"info","ts":"2021-12-12T15:27:55.034+0800","caller":"mvcc/index.go:214","msg":"compact tree index","revision":485}
{"level":"info","ts":"2021-12-12T15:27:55.036+0800","caller":"mvcc/kvstore_compaction.go:57","msg":"finished scheduled compaction","compact-revision":485,"took":"1.043455ms"}
{"level":"info","ts":"2021-12-12T15:32:55.035+0800","caller":"v3compactor/revision.go:86","msg":"starting auto revision compaction","revision":606,"revision-compaction-retention":10}
{"level":"info","ts":"2021-12-12T15:32:55.039+0800","caller":"v3compactor/revision.go:94","msg":"completed auto revision compaction","revision":606,"revision-compaction-retention":10,"took":"4.10433ms"}
{"level":"info","ts":"2021-12-12T15:32:55.039+0800","caller":"mvcc/index.go:214","msg":"compact tree index","revision":606}
{"level":"info","ts":"2021-12-12T15:32:55.040+0800","caller":"mvcc/kvstore_compaction.go:57","msg":"finished scheduled compaction","compact-revision":606,"took":"892.788µs"}
{"level":"fatal","ts":"2021-12-12T15:32:55.045+0800","caller":"etcdserver/server.go:872","msg":"failed to purge snap file","error":"open /home/shidf/dev/aa/easegress-wasm-flashsale/data/member/snap: no such file or directory","stacktrace":"go.etcd.io/etcd/server/v3/etcdserver.(*EtcdServer).purgeFile\n\tgo.etcd.io/etcd/server/v3@v3.5.0/etcdserver/server.go:872\ngo.etcd.io/etcd/server/v3/etcdserver.(*EtcdServer).GoAttach.func1\n\tgo.etcd.io/etcd/server/v3@v3.5.0/etcdserver/server.go:2659"}
{"level":"info","ts":"2021-12-12T15:38:58.617+0800","caller":"embed/etcd.go:131","msg":"configuring peer listeners","listen-peer-urls":["http://localhost:2380"]}
{"level":"info","ts":"2021-12-12T15:38:58.618+0800","caller":"embed/etcd.go:139","msg":"configuring client listeners","listen-client-urls":["http://localhost:2379"]}
{"level":"info","ts":"2021-12-12T15:38:58.618+0800","caller":"embed/etcd.go:307","msg":"starting an etcd server","etcd-version":"3.5.0","git-sha":"Not provided (use ./build instead of go build)","go-version":"go1.17.5","go-os":"linux","go-arch":"amd64","max-cpu-set":8,"max-cpu-available":8,"member-initialized":true,"name":"eg-default-name","data-dir":"/home/shidf/dev/easegress-wasm-flashsale/data","wal-dir":"","wal-dir-dedicated":"","member-dir":"/home/shidf/dev/easegress-wasm-flashsale/data/member","force-new-cluster":false,"heartbeat-interval":"100ms","election-timeout":"1s","initial-election-tick-advance":true,"snapshot-count":100000,"snapshot-catchup-entries":5000,"initial-advertise-peer-urls":["http://localhost:2380"],"listen-peer-urls":["http://localhost:2380"],"advertise-client-urls":["http://localhost:2379"],"listen-client-urls":["http://localhost:2379"],"listen-metrics-urls":[],"cors":["*"],"host-whitelist":["*"],"initial-cluster":"","initial-cluster-state":"existing","initial-cluster-token":"","quota-size-bytes":8589934592,"pre-vote":true,"initial-corrupt-check":false,"corrupt-check-time-interval":"0s","auto-compaction-mode":"revision","auto-compaction-retention":"10ns","auto-compaction-interval":"10ns","discovery-url":"","discovery-proxy":"","downgrade-check-interval":"5s"}
{"level":"info","ts":"2021-12-12T15:38:58.618+0800","caller":"etcdserver/backend.go:81","msg":"opened backend db","path":"/home/shidf/dev/easegress-wasm-flashsale/data/member/snap/db","took":"307.353µs"}
{"level":"info","ts":"2021-12-12T15:38:58.620+0800","caller":"etcdserver/server.go:526","msg":"No snapshot found. Recovering WAL from scratch!"}
{"level":"info","ts":"2021-12-12T15:38:58.629+0800","caller":"etcdserver/raft.go:483","msg":"restarting local member","cluster-id":"a6f86dda5d63e986","local-member-id":"689e371e88f78b6a","commit-index":625}
{"level":"info","ts":"2021-12-12T15:38:58.629+0800","logger":"raft","caller":"etcdserver/zap_raft.go:77","msg":"689e371e88f78b6a switched to configuration voters=()"}
{"level":"info","ts":"2021-12-12T15:38:58.629+0800","logger":"raft","caller":"etcdserver/zap_raft.go:77","msg":"689e371e88f78b6a became follower at term 2"}
{"level":"info","ts":"2021-12-12T15:38:58.629+0800","logger":"raft","caller":"etcdserver/zap_raft.go:77","msg":"newRaft 689e371e88f78b6a [peers: [], term: 2, commit: 625, applied: 0, lastindex: 625, lastterm: 2]"}
{"level":"info","ts":"2021-12-12T15:38:58.629+0800","caller":"api/capability.go:75","msg":"enabled capabilities for version","cluster-version":"3.5"}
{"level":"info","ts":"2021-12-12T15:38:58.629+0800","caller":"membership/cluster.go:276","msg":"recovered/added member from store","cluster-id":"a6f86dda5d63e986","local-member-id":"689e371e88f78b6a","recovered-remote-peer-id":"689e371e88f78b6a","recovered-remote-peer-urls":["http://localhost:2380"]}
{"level":"info","ts":"2021-12-12T15:38:58.629+0800","caller":"membership/cluster.go:285","msg":"set cluster version from store","cluster-version":"3.5"}
{"level":"warn","ts":"2021-12-12T15:38:58.631+0800","caller":"auth/store.go:1220","msg":"simple token is not cryptographically signed"}
{"level":"info","ts":"2021-12-12T15:38:58.632+0800","caller":"mvcc/kvstore.go:345","msg":"restored last compact revision","meta-bucket-name":"meta","meta-bucket-name-key":"finishedCompactRev","restored-compact-revision":485}
{"level":"info","ts":"2021-12-12T15:38:58.633+0800","caller":"mvcc/kvstore.go:415","msg":"kvstore restored","current-rev":616}
{"level":"info","ts":"2021-12-12T15:38:58.635+0800","caller":"mvcc/kvstore.go:422","msg":"resume scheduled compaction","meta-bucket-name":"meta","meta-bucket-name-key":"scheduledCompactRev","scheduled-compact-revision":606}
{"level":"info","ts":"2021-12-12T15:38:58.635+0800","caller":"mvcc/index.go:214","msg":"compact tree index","revision":606}
{"level":"info","ts":"2021-12-12T15:38:58.636+0800","caller":"etcdserver/quota.go:117","msg":"enabled backend quota","quota-name":"v3-applier","quota-size-bytes":8589934592,"quota-size":"8.6 GB"}
{"level":"info","ts":"2021-12-12T15:38:58.636+0800","caller":"mvcc/kvstore_compaction.go:57","msg":"finished scheduled compaction","compact-revision":606,"took":"1.388778ms"}
{"level":"info","ts":"2021-12-12T15:38:58.639+0800","caller":"etcdserver/server.go:834","msg":"starting etcd server","local-member-id":"689e371e88f78b6a","local-server-version":"3.5.0","cluster-id":"a6f86dda5d63e986","cluster-version":"3.5"}
{"level":"info","ts":"2021-12-12T15:38:58.639+0800","caller":"etcdserver/server.go:728","msg":"started as single-node; fast-forwarding election ticks","local-member-id":"689e371e88f78b6a","forward-ticks":9,"forward-duration":"900ms","election-ticks":10,"election-timeout":"1s"}
{"level":"info","ts":"2021-12-12T15:38:58.639+0800","logger":"raft","caller":"etcdserver/zap_raft.go:77","msg":"689e371e88f78b6a switched to configuration voters=(7538523430551260010)"}
{"level":"info","ts":"2021-12-12T15:38:58.639+0800","caller":"membership/cluster.go:393","msg":"added member","cluster-id":"a6f86dda5d63e986","local-member-id":"689e371e88f78b6a","added-peer-id":"689e371e88f78b6a","added-peer-peer-urls":["http://localhost:2380"]}
{"level":"info","ts":"2021-12-12T15:38:58.639+0800","caller":"membership/cluster.go:523","msg":"updated cluster version","cluster-id":"a6f86dda5d63e986","local-member-id":"689e371e88f78b6a","from":"3.5","to":"3.5"}
{"level":"info","ts":"2021-12-12T15:38:58.640+0800","caller":"embed/etcd.go:276","msg":"now serving peer/client/metrics","local-member-id":"689e371e88f78b6a","initial-advertise-peer-urls":["http://localhost:2380"],"listen-peer-urls":["http://localhost:2380"],"advertise-client-urls":["http://localhost:2379"],"listen-client-urls":["http://localhost:2379"],"listen-metrics-urls":[]}
{"level":"info","ts":"2021-12-12T15:38:58.640+0800","caller":"embed/etcd.go:580","msg":"serving peer traffic","address":"127.0.0.1:2380"}
{"level":"info","ts":"2021-12-12T15:38:58.640+0800","caller":"embed/etcd.go:552","msg":"cmux::serve","address":"127.0.0.1:2380"}
{"level":"info","ts":"2021-12-12T15:38:59.330+0800","logger":"raft","caller":"etcdserver/zap_raft.go:77","msg":"689e371e88f78b6a is starting a new election at term 2"}
{"level":"info","ts":"2021-12-12T15:38:59.330+0800","logger":"raft","caller":"etcdserver/zap_raft.go:77","msg":"689e371e88f78b6a became pre-candidate at term 2"}
{"level":"info","ts":"2021-12-12T15:38:59.331+0800","logger":"raft","caller":"etcdserver/zap_raft.go:77","msg":"689e371e88f78b6a received MsgPreVoteResp from 689e371e88f78b6a at term 2"}
{"level":"info","ts":"2021-12-12T15:38:59.331+0800","logger":"raft","caller":"etcdserver/zap_raft.go:77","msg":"689e371e88f78b6a became candidate at term 3"}
{"level":"info","ts":"2021-12-12T15:38:59.331+0800","logger":"raft","caller":"etcdserver/zap_raft.go:77","msg":"689e371e88f78b6a received MsgVoteResp from 689e371e88f78b6a at term 3"}
{"level":"info","ts":"2021-12-12T15:38:59.331+0800","logger":"raft","caller":"etcdserver/zap_raft.go:77","msg":"689e371e88f78b6a became leader at term 3"}
{"level":"info","ts":"2021-12-12T15:38:59.331+0800","logger":"raft","caller":"etcdserver/zap_raft.go:77","msg":"raft.node: 689e371e88f78b6a elected leader 689e371e88f78b6a at term 3"}
{"level":"info","ts":"2021-12-12T15:38:59.343+0800","caller":"etcdserver/server.go:2027","msg":"published local member to cluster through raft","local-member-id":"689e371e88f78b6a","local-member-attributes":"{Name:eg-default-name ClientURLs:[http://localhost:2379]}","request-path":"/0/members/689e371e88f78b6a/attributes","cluster-id":"a6f86dda5d63e986","publish-timeout":"7s"}
{"level":"info","ts":"2021-12-12T15:38:59.343+0800","caller":"embed/serve.go:98","msg":"ready to serve client requests"}
{"level":"info","ts":"2021-12-12T15:38:59.345+0800","caller":"embed/serve.go:140","msg":"serving client traffic insecurely; this is strongly discouraged!","address":"127.0.0.1:2379"}
{"level":"info","ts":"2021-12-12T15:43:58.637+0800","caller":"v3compactor/revision.go:86","msg":"starting auto revision compaction","revision":737,"revision-compaction-retention":10}
{"level":"info","ts":"2021-12-12T15:43:58.648+0800","caller":"v3compactor/revision.go:94","msg":"completed auto revision compaction","revision":737,"revision-compaction-retention":10,"took":"10.667024ms"}
{"level":"info","ts":"2021-12-12T15:43:58.648+0800","caller":"mvcc/index.go:214","msg":"compact tree index","revision":737}
{"level":"info","ts":"2021-12-12T15:43:58.649+0800","caller":"mvcc/kvstore_compaction.go:57","msg":"finished scheduled compaction","compact-revision":737,"took":"844.18µs"}
{"level":"info","ts":"2021-12-12T15:48:58.648+0800","caller":"v3compactor/revision.go:86","msg":"starting auto revision compaction","revision":858,"revision-compaction-retention":10}
{"level":"info","ts":"2021-12-12T15:48:58.654+0800","caller":"v3compactor/revision.go:94","msg":"completed auto revision compaction","revision":858,"revision-compaction-retention":10,"took":"5.451696ms"}
{"level":"info","ts":"2021-12-12T15:48:58.654+0800","caller":"mvcc/index.go:214","msg":"compact tree index","revision":858}
{"level":"info","ts":"2021-12-12T15:48:58.655+0800","caller":"mvcc/kvstore_compaction.go:57","msg":"finished scheduled compaction","compact-revision":858,"took":"767.433µs"}
{"level":"info","ts":"2021-12-12T15:53:58.655+0800","caller":"v3compactor/revision.go:86","msg":"starting auto revision compaction","revision":982,"revision-compaction-retention":10}
{"level":"info","ts":"2021-12-12T15:53:58.665+0800","caller":"v3compactor/revision.go:94","msg":"completed auto revision compaction","revision":982,"revision-compaction-retention":10,"took":"10.43318ms"}
{"level":"info","ts":"2021-12-12T15:53:58.665+0800","caller":"mvcc/index.go:214","msg":"compact tree index","revision":982}
{"level":"info","ts":"2021-12-12T15:53:58.666+0800","caller":"mvcc/kvstore_compaction.go:57","msg":"finished scheduled compaction","compact-revision":982,"took":"891.924µs"}
{"level":"info","ts":"2021-12-12T15:58:58.666+0800","caller":"v3compactor/revision.go:86","msg":"starting auto revision compaction","revision":1103,"revision-compaction-retention":10}
{"level":"info","ts":"2021-12-12T15:58:58.671+0800","caller":"v3compactor/revision.go:94","msg":"completed auto revision compaction","revision":1103,"revision-compaction-retention":10,"took":"5.007075ms"}
{"level":"info","ts":"2021-12-12T15:58:58.671+0800","caller":"mvcc/index.go:214","msg":"compact tree index","revision":1103}
{"level":"info","ts":"2021-12-12T15:58:58.671+0800","caller":"mvcc/kvstore_compaction.go:57","msg":"finished scheduled compaction","compact-revision":1103,"took":"311.98µs"}
{"level":"info","ts":"2021-12-12T16:03:58.671+0800","caller":"v3compactor/revision.go:86","msg":"starting auto revision compaction","revision":1223,"revision-compaction-retention":10}
{"level":"info","ts":"2021-12-12T16:03:58.685+0800","caller":"v3compactor/revision.go:94","msg":"completed auto revision compaction","revision":1223,"revision-compaction-retention":10,"took":"13.190294ms"}
{"level":"info","ts":"2021-12-12T16:03:58.685+0800","caller":"mvcc/index.go:214","msg":"compact tree index","revision":1223}
{"level":"info","ts":"2021-12-12T16:03:58.685+0800","caller":"mvcc/kvstore_compaction.go:57","msg":"finished scheduled compaction","compact-revision":1223,"took":"539.441µs"}
{"level":"info","ts":"2021-12-12T16:08:58.685+0800","caller":"v3compactor/revision.go:86","msg":"starting auto revision compaction","revision":1344,"revision-compaction-retention":10}
{"level":"info","ts":"2021-12-12T16:08:58.695+0800","caller":"v3compactor/revision.go:94","msg":"completed auto revision compaction","revision":1344,"revision-compaction-retention":10,"took":"10.461225ms"}
{"level":"info","ts":"2021-12-12T16:08:58.695+0800","caller":"mvcc/index.go:214","msg":"compact tree index","revision":1344}
{"level":"info","ts":"2021-12-12T16:08:58.697+0800","caller":"mvcc/kvstore_compaction.go:57","msg":"finished scheduled compaction","compact-revision":1344,"took":"1.005741ms"}
