2021-12-12T15:07:54.978+08:00	[34mINFO[0m	server/main.go:57	Easegress release: v1.1.0, repo: https://github.com/megaease/easegress.git, commit: git-95b70c0
2021-12-12T15:07:54.978+08:00	[34mINFO[0m	cluster/config.go:125	etcd config: init-cluster:eg-default-name=http://localhost:2380 cluster-state:new force-new-cluster:false
2021-12-12T15:07:55.099+08:00	[34mINFO[0m	cluster/cluster.go:389	client connect with endpoints: [http://localhost:2380]
2021-12-12T15:07:55.099+08:00	[34mINFO[0m	cluster/cluster.go:402	client is ready
2021-12-12T15:07:55.103+08:00	[34mINFO[0m	cluster/cluster.go:675	server is ready
2021-12-12T15:07:55.106+08:00	[34mINFO[0m	cluster/cluster.go:535	lease is ready (grant new one: b6a7dad7830f607)
2021-12-12T15:07:55.106+08:00	[34mINFO[0m	cluster/cluster.go:213	cluster is ready
2021-12-12T15:07:55.108+08:00	[34mINFO[0m	supervisor/supervisor.go:137	create TrafficController
2021-12-12T15:07:55.109+08:00	[34mINFO[0m	supervisor/supervisor.go:137	create RawConfigTrafficController
2021-12-12T15:07:55.11+08:00	[34mINFO[0m	supervisor/supervisor.go:137	create ServiceRegistry
2021-12-12T15:07:55.11+08:00	[34mINFO[0m	supervisor/supervisor.go:137	create StatusSyncController
2021-12-12T15:07:55.11+08:00	[34mINFO[0m	cluster/cluster.go:575	session is ready
2021-12-12T15:07:55.111+08:00	[34mINFO[0m	api/api.go:72	register api group admin
2021-12-12T15:07:55.111+08:00	[34mINFO[0m	api/server.go:78	api server running in localhost:2381
2021-12-12T15:08:00.11+08:00	[34mINFO[0m	cluster/member.go:220	self ID changed from 0 to 689e371e88f78b6a
2021-12-12T15:08:00.111+08:00	[34mINFO[0m	cluster/member.go:154	store clusterMembers: eg-default-name(689e371e88f78b6a)=http://localhost:2380
2021-12-12T15:08:00.111+08:00	[34mINFO[0m	cluster/member.go:155	store knownMembers  : eg-default-name(689e371e88f78b6a)=http://localhost:2380
2021-12-12T15:09:51.051+08:00	[34mINFO[0m	trafficcontroller/trafficcontroller.go:416	create namespace default
2021-12-12T15:09:51.107+08:00	[34mINFO[0m	trafficcontroller/trafficcontroller.go:424	create http pipeline default/flash-sale-pipeline
2021-12-12T15:10:00.86+08:00	[34mINFO[0m	trafficcontroller/trafficcontroller.go:190	create http server default/http-server
2021-12-12T15:38:58.616+08:00	[34mINFO[0m	server/main.go:57	Easegress release: v1.1.0, repo: https://github.com/megaease/easegress.git, commit: git-95b70c0
2021-12-12T15:38:58.617+08:00	[34mINFO[0m	cluster/config.go:125	etcd config: init-cluster:eg-default-name=http://localhost:2380 cluster-state:existing force-new-cluster:false
2021-12-12T15:38:59.343+08:00	[34mINFO[0m	cluster/cluster.go:675	server is ready
2021-12-12T15:38:59.343+08:00	[34mINFO[0m	cluster/cluster.go:389	client connect with endpoints: [http://localhost:2380]
2021-12-12T15:38:59.344+08:00	[34mINFO[0m	cluster/cluster.go:402	client is ready
2021-12-12T15:38:59.35+08:00	[34mINFO[0m	cluster/cluster.go:499	lease is ready(use existed one: b6a7dad7830f607)
2021-12-12T15:38:59.351+08:00	[34mINFO[0m	cluster/cluster.go:213	cluster is ready
2021-12-12T15:38:59.354+08:00	[34mINFO[0m	supervisor/supervisor.go:137	create TrafficController
2021-12-12T15:38:59.355+08:00	[34mINFO[0m	supervisor/supervisor.go:137	create RawConfigTrafficController
2021-12-12T15:38:59.356+08:00	[34mINFO[0m	supervisor/supervisor.go:137	create ServiceRegistry
2021-12-12T15:38:59.373+08:00	[34mINFO[0m	supervisor/supervisor.go:137	create StatusSyncController
2021-12-12T15:38:59.373+08:00	[34mINFO[0m	cluster/cluster.go:575	session is ready
2021-12-12T15:38:59.373+08:00	[34mINFO[0m	api/api.go:72	register api group admin
2021-12-12T15:38:59.373+08:00	[34mINFO[0m	api/server.go:78	api server running in localhost:2381
2021-12-12T15:38:59.379+08:00	[34mINFO[0m	trafficcontroller/trafficcontroller.go:182	create namespace default
2021-12-12T15:38:59.38+08:00	[34mINFO[0m	trafficcontroller/trafficcontroller.go:190	create http server default/http-server
2021-12-12T15:38:59.429+08:00	[34mINFO[0m	trafficcontroller/trafficcontroller.go:424	create http pipeline default/flash-sale-pipeline
2021-12-12T15:39:04.365+08:00	[34mINFO[0m	cluster/member.go:154	store clusterMembers: eg-default-name(689e371e88f78b6a)=http://localhost:2380
2021-12-12T15:39:04.365+08:00	[34mINFO[0m	cluster/member.go:155	store knownMembers  : eg-default-name(689e371e88f78b6a)=http://localhost:2380
2021-12-12T15:41:40.294+08:00	[34mINFO[0m	trafficcontroller/trafficcontroller.go:536	delete http pipeline default/flash-sale-pipeline
2021-12-12T15:42:43.726+08:00	[34mINFO[0m	trafficcontroller/trafficcontroller.go:424	create http pipeline default/flash-sale-pipeline
2021-12-12T15:47:55.563+08:00	[31mERROR[0m	wasmhost/vm.go:165	failed to create wasm VM: unknown import: `wasi_snapshot_preview1::fd_write` has not been defined
2021-12-12T15:47:55.574+08:00	[31mERROR[0m	wasmhost/vm.go:165	failed to create wasm VM: unknown import: `wasi_snapshot_preview1::fd_write` has not been defined
2021-12-12T15:47:58.829+08:00	[31mERROR[0m	wasmhost/vm.go:184	failed to create wasm VM: unknown import: `wasi_snapshot_preview1::fd_write` has not been defined
2021-12-12T15:48:12.269+08:00	[31mERROR[0m	wasmhost/vm.go:184	failed to create wasm VM: unknown import: `wasi_snapshot_preview1::fd_write` has not been defined
2021-12-12T15:50:00.938+08:00	[31mERROR[0m	wasmhost/vm.go:184	failed to create wasm VM: unknown import: `wasi_snapshot_preview1::fd_write` has not been defined
2021-12-12T15:50:29.284+08:00	[31mERROR[0m	wasmhost/vm.go:184	failed to create wasm VM: unknown import: `wasi_snapshot_preview1::fd_write` has not been defined
2021-12-12T15:54:43.122+08:00	[31mERROR[0m	wasmhost/hostfunc.go:519	sdfs
2021-12-12T15:55:19.982+08:00	[31mERROR[0m	wasmhost/hostfunc.go:519	sdfs
2021-12-12T16:08:26.086+08:00	[33mWARN[0m	wasmhost/hostfunc.go:517	sale end yet
2021-12-12T16:09:31.107+08:00	[33mWARN[0m	wasmhost/hostfunc.go:517	sale end yet
